kodi
sun
oracledbtest
space
sinusbot
gabriele
system
kompozit
gustave
training
marisa
car
gio
ceinfo
cs
vyatta
administrator
admin
dave
teampspeak
pt
dev
plex
vmuser
vagrant
webadmin
zxin10
jboss
sammy
ts3server
network
michal
uno
samp
ftptest
hsf
1502
helpdesk
vbox
uplink
tomcat4
uwot
postgres
agnes
geometry
simsadmin
student6
db_backup
xbmc
zero
bla
invoices
developer
test
config
austin
mtcl
xbian
share
suse
security
uftp
oxus
sktelecom
logger
test9
grey
cyrus
deployer
logout
christian
systemuser
testing
srvadmin
cacti
squid
reboot
oslinux
vyos
tomcat7
user10
distccd
cashier
target
demos
victor
icecast2
catherine
elastic
fax
bitnami
jts3
yui
vsftpd
mailman
antonio
m
programacion
gitlab
yarosh
MANAGER
PlcmSpIp
rabbitmq
dbuser
client
blasis
arcs
agent
guest
gaurav
redhat
admin2
draytek
deploy
123
record
adfexc
hyperic
geek
factorio
init
peter
uno85
lear
1234
angel
user7
Guest
liam
top
ultra
forestserver
terrariaserver
266344
mcserv
auditor
alexis
visitor
fedora
alex
crowiel
informix
felix
couchdb
haslo
jobs
awt
ranjit
tecnico
arma3
luan
payserver
administranto
installer
Manager
clnet
blake
rupesh
alarm
dparedes
webmail
csserver
xman
poll
amssys
webuser
support
downloader
gorislab
ken
pmd
vmail
jenkins
james
judy
fabio
josh
cmsftp
cron
diag
mario
hscroot
marco
clouduser
forkserver
hduser
checksys
jasmeet
hacluster
openerp
tom
ctssh
pentaho
mtch
david
test10
desktop
kelly
chimistry
user8
install
ebeuser
apache
itmuser
cmsadmin
storwatch
import
mpe
jasonhu
bass
cooper
lukas
steve
rushi
sammon
webapps
andreas
udadmin
dvcs
xray
sdtd
miner
vinuta
operator
jayden
e
3comcso
glassfish
backuppc
b
hdduser
svin
bot
sftpuser
oeacle
prashant
brandon
enrique
telecom
mysql
Administrator
anonymous
telecomadmin
nexus
syadykin
java
joe
public
mt7109
git
zimbra
checkfsys
alvaro
kernoops
chris
spot
lpadmin
openfiler
csgoserver
sentry
logview
yang
crew
api
sam
elsearch
menu
mother
team
cisco
t7adm
ftp
system_admin
test2
gmodserver2
pi
student
english
prueba
rms
men
demo
nearftp
tyler
gmodserver
unixadm
ts3
adrian
aaron
contact
user3
quange
ocadmin
ansible
nathan
utente
morena
gamer
router
bogota
user1
minecraft
garybeales
family
lucas
ina
yuanhao
vika
blankendes
db2inst1
teamspeak3
rmsssh
Operator
bot1
digital
pat
payftp
sysadm
12wqasxz
joseph
test0
rmsmenu
mike
0
fmaster
1
superman
mobile
dennis
getmail
stephen
2Wire
aaa
db2fenc2
python
ts3serveruser
postmaster
leo
wordpress
voo
vcr
db
km999
julio
admln
ralf
tester
sue
steam
me
ask
smkim
internet
echo
upload
anita
svn
suma
temp
sysop
download
office
barbara
oracle5
mauro
frank
trivoallan
commons
toto
111111
ace
product
john
debian
andy
ubuntu
jack
USERID
Polycom
terraria
openvpn_as
macbookpro
monitor
anna
sergey
apacheds
olah
rustserver
daxia
zachary
bill
night
deluge
roger
res
mms
Cloud
asalim
naadmin
ubnt
topmada
tomek
tmp
alan
opsidc
vps
carmen
elias
max
f
home
nxpgsql
minerva
css
sandra
redis
jay
server
plcmspip
user
houx
gary
kutovoy
webspace
monit
newuser
SYSDBA
sgiweb
frappe
copier
backups
Sweex
a
harold
edwin
fajri
pizza
scan
mac
laoyw
cmb
tech
patrol
printer
team1
bananapi
shop
supervisor
lwang
hadoop
cricket
pos
nas
disttech
cloud
rancid
7days
tc
juan
maxo
ts3bot
arma3server
manager
ams
cstrike
mqm
testftp
obama
svc
ts3srv
arkserver
oracle
PlcmSplp
am
falcon
alessandra
google
appadmin
rcust
gamemaster
console
lcmSpIp
angela
ftpusr
jimmy
amandabackup
es
peuser
sumit
username
radware
webmaster
nginx
mongo
elastcisearch
student1
new
musikbot
patrick
tosinbot
Admin
arnold
rack
lily
cactiuser
fhjvd
redmine
sk
rohit
test7
angelo
adam
ivan
ftpadmin
odroid
svadmin
tek
12345
minera
abduh
verwalter
sysadmin
usuario
camera
faly
snapp
shaft
bob
osmc
michel
123456
mssql_user
telco
PSEAdmin
letvuser
rsync
db2inst3
NAU
sybase
weblogic
nitalaut
Management
scanner
data
solr
zr
teacher
henry
web
amanda
ftpuser
arthur
http
sara
ubadmin
bryan
hubaz
azureuser
ark
cs16
oper
e250
null
sandeep
frenkfin
music
deployop
teste
coeurs
nagios
richard
lab
orlando
linda
anish
admon
vnc
activemq
orange
william
bs
dvs
ishige
rtest
anon
alfresco
userftp
media
production
odoo
cloudadmin
dni
super
sea
accounts
bernard
sysman
proftpd
master
22
glen
www
mc
sigver
anthony
javanetworks
gitolite
customer
dasusr1
ts3musicbot
pdf
sftp
test1
print2000
dspace
vt
acc
gabriel
bf2
user2
openvpn
linuxacademy
wilfred
tanya
tomcat
vt100
xrdp
pc
test123
pzserver
ispapps
adm
kafka
halt
service
sshadmin
ghost
daniel
volition
shop1
info
stinusbot
administrateur
ADMIN
bernardo
PRODDTA
webftp
postfix
lorenzo
monica
Root
linux
secure
myftp
SYSADM
nuucp
han
prime
packer
produccion
1111
vmware
nt
vicente
matrix
noc
tplink
phion
db2
sales
dinesh
kiccuser
roberto
sysbin
winston
VNC
butter
customs
mtrade
irineu
prova
setup
netman
RSBCMON
default
laura
123321
zabbix
sg
andree
rapport
raspberry
newadmin
svnadmin
rmsadm
library
copyuser
testuser
sysa
mysql1
admin1
cpanelphpmyadmin
george
edi
teamspeak
wagner
jason
gast
friends
andrea
mark
aatul
scbladm
kevin
incoming
engineer
confluence
0000
a1
cc
tracy
centos
apache2
invite
clamav
abdou
User
gopher
ejabberd
albert
Cisco
app
siva
HELLO
train
ADMN
ethos
VTech
gentoo
jordan
teamspeak7
alice
arung
cpanel
cmwlogin
test3
telnet
celery
proshine
