admin
support
admin
user
user
osmc
guest
user
install
ftpuser
admin
admin
ubuntu
noc
ftpuser
test
pi
peuser
debian
pi
ubnt
a
ftp
sysop
admin
scanner
admin
mysql
service
adm
admin
admin
username
aaron
test
test
amssys
pi
test
pi
pi
sandeep
icecast2
admin
support
user
1234
anonymous
admin
ubnt
admin
cisco
test
guest
user
operator
admin
admin
admin
admin
ftp
monitor
ftpuser
pi
PlcmSpIp
Management
ftpuser
test
monica
test
admin
admin
admin
test
test2
ts3serveruser
pi
pi
pi
test
test2
admin
admin
admin
admin
admin
admin
Admin
admin
admin
admin
admin
austin
admin
admin
admin
admin
admin
admin
admin
admin
admin
admin
1234
1234
Root
user
User
user
user
user
User
user
user
user
super
super
super
ubnt
ubnt
ubnt
ubnt
111111
111111
111111
guest
Guest
guest
guest
default
default
SYSDBA
raspberry
administrator
Administrator
administrator
Administrator
administrator
123321
123321
0
0000
1111
123
12345
1502
22
22
266344
2Wire
3comcso
a
aaa
acc
adam
adfexc
adm
adm
adm
admin2
ADMN
agent
am
anonymous
apache
api
bill
bob
Cisco
client
daniel
david
demo
diag
disttech
draytek
dvs
e250
echo
engineer
enrique
fax
ftp
ftp
ftptest
ftpuser
ftpuser
git
halt
HELLO
helpdesk
hscroot
info
init
installer
jenkins
library
mailman
manager
Manager
manager
MANAGER
manager
mark
master
media
mike
monitor
mother
mtch
mtcl
mysql
naadmin
nagios
nagios
NAU
netman
nt
operator
Operator
operator
oracle
osmc
patrol
pi
pizza
plcmspip
PlcmSpIp
plcmspip
pmd
poll
Polycom
postgres
print2000
PRODDTA
PSEAdmin
public
radware
rapport
rcust
router
RSBCMON
sales
scan
security
service
setup
shop
steam
steve
storwatch
student
superman
supervisor
support
support
support
svin
svn
Sweex
sysadm
SYSADM
sysadm
sysadmin
system
target
tech
telco
telecom
telecomadmin
test
test
test
testuser
tomcat
ts3
ubadmin
ubuntu
user1
USERID
username
usuario
vcr
VNC
volition
vt100
VTech
vyatta
webadmin
webmaster
zabbix
test2
test
student
steam
test
student
test
student
test
steam
test
testing
pi
pi
dasusr1
pi
pi
minecraft
cmsadmin
itmuser
admin
support
user
1234
anonymous
admin
ubnt
admin
cisco
test
guest
user
operator
admin
admin
admin
admin
ftp
monitor
ftpuser
pi
PlcmSpIp
Management
ftpuser
test
steam
test
pi
pi
test
test
admin
test
yang
admin
support
admin
user
user
osmc
guest
user
install
ftpuser
admin
admin
ubuntu
noc
ftpuser
test
pi
peuser
git
debian
pi
ubnt
a
ftp
sysop
admin
scanner
admin
mysql
service
adm
admin
admin
username
aaron
yang
git
test
yang
git
sumit
test
git
sumit
git
sumit
test
git
user1
pi
pi
user2
user3
admin
admin
admin
admin
support
user
1234
anonymous
admin
ubnt
admin
cisco
test
guest
user
operator
admin
admin
admin
admin
ftp
monitor
ftpuser
pi
PlcmSpIp
Management
ftpuser
user2
user3
chris
admin
support
admin
user
user
osmc
guest
user
install
ftpuser
admin
admin
ubuntu
noc
ftpuser
test
pi
admin
peuser
support
debian
user
pi
1234
ubnt
a
ftp
anonymous
sysop
admin
admin
ubnt
scanner
admin
mysql
service
admin
adm
cisco
admin
test
guest
user
operator
admin
admin
admin
admin
admin
username
ftp
aaron
administrator
monitor
anonymous
ftpuser
ftpuser
system
pi
PlcmSpIp
butter
Management
deluge
git
ftpuser
admin
admin
admin
pi
pi
postgres
test
miner
redmine
redmine
pi
pi
admin
admin
admin
admin
support
user
1234
anonymous
admin
ubnt
admin
cisco
test
guest
user
operator
admin
admin
admin
admin
ftp
monitor
ftpuser
pi
PlcmSpIp
Management
ftpuser
sftp
hadoop
helpdesk
webftp
admin
support
admin
user
user
osmc
guest
user
install
ftpuser
admin
admin
ubuntu
noc
ftpuser
test
pi
peuser
debian
nginx
admin
admin
admin
pi
pi
postgres
support
support
support
support
admin
admin
admin
admin
ubnt
ubnt
ubnt
ubnt
user
user
user
user
service
service
service
service
guest
guest
guest
guest
default
default
default
default
test
test
test
test
manager
manager
manager
manager
administrator
administrator
administrator
administrator
12345
12345
12345
12345
ftp
ftp
ftp
ftp
ftpuser
ftpuser
ftpuser
ftpuser
username
username
username
username
admin
support
user
1234
anonymous
admin
ubnt
admin
cisco
test
guest
user
operator
admin
admin
admin
admin
ftp
monitor
ftpuser
pi
PlcmSpIp
Management
ftpuser
admin
pi
support
user
guest
test
admin
demo
admin
admin
admin
oracle
uwot
testuser
admin
pi
support
user
guest
test
admin
teamspeak
musikbot
teamspeak
musikbot
pi
pi
teamspeak
musikbot
teamspeak
test
musikbot
teamspeak
musikbot
pi
pi
teamspeak
musikbot
admin
teamspeak
admin
admin
admin
admin
admin
admin
Admin
admin
admin
admin
admin
admin
admin
admin
admin
admin
admin
admin
admin
admin
admin
1234
1234
Root
user
User
user
user
user
User
user
user
user
musikbot
super
super
super
ubnt
ubnt
ubnt
ubnt
111111
111111
111111
guest
Guest
guest
guest
default
default
SYSDBA
raspberry
administrator
Administrator
administrator
Administrator
administrator
123321
123321
admin
support
0
0000
1111
user
123
12345
1502
22
1234
22
anonymous
266344
2Wire
admin
3comcso
a
aaa
ubnt
acc
adam
adfexc
adm
admin
adm
cisco
test
adm
guest
admin2
ADMN
agent
user
am
anonymous
operator
apache
api
admin
bill
bob
Cisco
client
admin
admin
daniel
david
demo
diag
admin
disttech
ftp
draytek
dvs
e250
monitor
echo
engineer
ftpuser
enrique
fax
pi
ftp
PlcmSpIp
ftp
Management
ftptest
ftpuser
ftpuser
ftpuser
git
halt
HELLO
helpdesk
hscroot
info
init
installer
jenkins
library
mailman
manager
Manager
manager
MANAGER
manager
mark
master
media
mike
monitor
mother
mtch
mtcl
mysql
naadmin
nagios
nagios
NAU
netman
nt
operator
Operator
operator
oracle
osmc
patrol
pi
pizza
plcmspip
PlcmSpIp
plcmspip
pmd
poll
Polycom
postgres
print2000
PRODDTA
PSEAdmin
public
radware
rapport
rcust
router
RSBCMON
sales
scan
security
service
setup
shop
steam
steve
storwatch
student
superman
supervisor
support
support
support
svin
svn
Sweex
sysadm
SYSADM
sysadm
sysadmin
system
target
tech
telco
telecom
telecomadmin
test
test
test
testuser
tomcat
ts3
ubadmin
ubuntu
user1
USERID
username
usuario
vcr
VNC
volition
vt100
VTech
vyatta
webadmin
webmaster
zabbix
admin
pi
support
user
guest
test
admin
kafka
teamspeak
pi
pi
tek
amandabackup
tomcat
factorio
admin
pi
support
user
guest
test
admin
sammon
terrariaserver
suma
arma3server
admin
support
user
1234
anonymous
admin
ubnt
admin
cisco
test
guest
user
operator
admin
admin
admin
admin
ftp
monitor
ftpuser
pi
PlcmSpIp
Management
ftpuser
pi
pi
admin
pi
support
user
guest
test
admin
space
admin
admin
admin
monitor
contact
night
pi
pi
sergey
ocadmin
victor
pi
pi
stephen
admin
pi
support
user
guest
test
admin
admin
support
admin
user
user
osmc
guest
user
install
ftpuser
admin
admin
ubuntu
noc
ftpuser
test
pi
peuser
support
support
support
support
admin
admin
admin
admin
ubnt
ubnt
ubnt
ubnt
user
user
user
user
service
service
service
service
guest
guest
guest
guest
default
default
default
default
test
test
test
test
manager
manager
manager
manager
administrator
administrator
administrator
administrator
12345
12345
12345
12345
ftp
ftp
ftp
ftp
ftpuser
ftpuser
ftpuser
ftpuser
username
username
username
username
andree
admin
support
user
1234
anonymous
admin
ubnt
admin
cisco
test
guest
user
operator
admin
admin
admin
admin
ftp
monitor
ftpuser
pi
PlcmSpIp
Management
ftpuser
admin
pi
support
user
guest
test
admin
admin
admin
admin
e
webuser
webuser
f
f
oracle
pi
pi
ftpadmin
admin
pi
support
user
guest
test
admin
tester
sammy
train
student
logger
gustave
celery
logger
redis
test
admin
pi
support
user
guest
test
admin
admin
support
user
1234
anonymous
admin
ubnt
admin
cisco
test
guest
user
operator
admin
admin
admin
admin
ftp
monitor
ftpuser
pi
PlcmSpIp
Management
ftpuser
admin
admin
admin
test
test
test
test
test
test
test
test
oracle
oracle
oracle
oracle
oracle
oracle
oracle
oracle
admin
admin
admin
admin
admin
admin
admin
admin
admin
support
user
1234
anonymous
admin
ubnt
admin
cisco
test
guest
user
operator
admin
admin
admin
admin
ftp
monitor
ftpuser
pi
PlcmSpIp
Management
ftpuser
csgoserver
contact
admin
pi
support
user
guest
test
admin
pi
pi
admin
support
admin
user
pi
pi
admin
admin
admin
admin
andreas
bla
admin
vagrant
sea
admin
ubuntu
pi
pi
bananapi
debian
ubnt
vyos
vyatta
xbian
osmc
obama
vagrant
mike
vicente
admin
support
user
1234
anonymous
admin
ubnt
admin
cisco
test
guest
user
operator
admin
admin
admin
admin
ftp
monitor
vagrant
ftpuser
pi
PlcmSpIp
Management
ftpuser
hadoop
hadoop
hadoop
server
ftptest
xray
bass
oslinux
admin
admin
admin
hadoop
support
support
support
support
admin
admin
admin
admin
ubnt
ubnt
ubnt
ubnt
user
user
user
user
service
service
service
service
guest
guest
guest
guest
default
default
default
default
test
test
test
test
manager
manager
manager
manager
administrator
administrator
administrator
administrator
12345
12345
12345
12345
ftp
ftp
ftp
ftp
ftpuser
ftpuser
ftpuser
ftpuser
username
username
username
username
teamspeak3
jasmeet
hadoop
uftp
newuser
default
jimmy
proshine
team
hadoop
admin
support
user
1234
anonymous
admin
ubnt
admin
cisco
test
guest
user
operator
admin
admin
admin
admin
ftp
monitor
ftpuser
pi
PlcmSpIp
Management
ftpuser
hadoop
admin
support
admin
user
user
osmc
guest
user
install
ftpuser
admin
admin
ubuntu
noc
ftpuser
test
pi
peuser
debian
pi
ubnt
a
ftp
sysop
admin
scanner
admin
mysql
service
adm
admin
admin
username
hadoop
pi
pi
ts3bot
hadoop
admin
admin
pi
pi
pi
pi
informix
bs
usuario
nexus
admin
support
user
1234
pi
pi
anonymous
admin
ubnt
admin
cisco
test
guest
user
operator
admin
admin
admin
admin
ftp
monitor
ftpuser
pi
PlcmSpIp
Management
ftpuser
oracle
adam
vbox
vagrant
vbox
testing
vagrant
vbox
admin
admin
vagrant
vbox
uwot
pi
pi
macbookpro
admin
support
user
1234
anonymous
admin
ubnt
admin
cisco
test
guest
user
operator
admin
admin
admin
admin
ftp
monitor
ftpuser
pi
PlcmSpIp
Management
ftpuser
admin
support
admin
minecraft
lorenzo
admin
admin
admin
admin
pi
support
user
guest
test
sammy
fajri
Cloud
smkim
mc
abdou
test
oracle
mc
ams
test
minecraft
jenkins
minecraft
opsidc
ctssh
letvuser
myftp
user
guest
test
admin
teampspeak
student
minecraft
myftp
test
minecraft
test
admin
pi
support
user
guest
test
admin
test
support
support
support
support
admin
admin
admin
admin
ubnt
ubnt
ubnt
ubnt
user
user
user
user
service
service
service
service
guest
guest
guest
guest
default
default
default
default
test
test
test
test
manager
manager
manager
manager
administrator
administrator
administrator
administrator
12345
12345
12345
12345
ftp
ftp
ftp
ftp
ftpuser
ftpuser
ftpuser
ftpuser
username
username
username
username
admin
admin
admin
webapps
glen
minecraft
tester
blankendes
admin
support
user
1234
pi
anonymous
admin
ubnt
admin
cisco
pi
test
guest
user
admin
ubnt
operator
admin
admin
admin
admin
admin
ftp
bananapi
monitor
ftpuser
pi
PlcmSpIp
Management
ftpuser
admin
pi
support
user
guest
test
admin
minecraft
minecraft
minecraft
ansible
minecraft
student
minecraft
admin
admin
admin
ethos
admin
pi
support
user
guest
test
admin
admin
support
user
1234
anonymous
admin
ubnt
admin
cisco
test
guest
user
operator
admin
admin
admin
admin
ftp
monitor
ftpuser
pi
PlcmSpIp
Management
ftpuser
ejabberd
sammy
kutovoy
admin
pi
support
user
guest
test
admin
centos
admin
pi
support
user
guest
test
admin
admin
admin
admin
kevin
admin
pi
support
user
guest
test
admin
sandeep
vagrant
test2
sandeep
vagrant
test2
sandeep
vagrant
test2
b
admin
support
user
1234
anonymous
admin
ubnt
admin
cisco
test
guest
user
operator
admin
admin
admin
admin
ftp
monitor
ftpuser
pi
PlcmSpIp
Management
ftpuser
sandeep
vagrant
pi
pi
pi
pi
postmaster
pi
pi
admin
pi
support
user
guest
test
admin
tomcat
dev
tomcat
coeurs
dev
tomcat
admin
admin
admin
postmaster
dev
tomcat
dev
tomcat
user1
mc
dev
tomcat
admin
admin
admin
admin
admin
admin
Admin
admin
admin
admin
admin
admin
admin
admin
admin
admin
admin
admin
admin
admin
admin
1234
1234
Root
admin
support
user
1234
anonymous
admin
ubnt
admin
cisco
test
guest
user
operator
admin
admin
admin
admin
ftp
monitor
ftpuser
pi
PlcmSpIp
Management
ftpuser
user
User
user
user
user
User
user
user
user
super
super
super
ubnt
ubnt
ubnt
ubnt
111111
111111
111111
guest
Guest
guest
guest
default
default
SYSDBA
raspberry
administrator
Administrator
administrator
Administrator
administrator
123321
123321
0
0000
1111
123
12345
1502
22
22
266344
2Wire
3comcso
a
aaa
acc
adam
adfexc
adm
adm
adm
admin2
ADMN
agent
am
anonymous
apache
api
bill
bob
Cisco
client
daniel
david
demo
diag
disttech
draytek
dvs
e250
echo
engineer
enrique
fax
ftp
ftp
ftptest
ftpuser
ftpuser
git
halt
HELLO
helpdesk
hscroot
info
init
installer
jenkins
library
mailman
manager
Manager
manager
MANAGER
manager
mark
master
media
mike
monitor
mother
mtch
mtcl
mysql
naadmin
nagios
butter
nagios
NAU
netman
nt
operator
Operator
operator
oracle
osmc
patrol
pi
pizza
plcmspip
PlcmSpIp
plcmspip
pmd
poll
Polycom
postgres
print2000
PRODDTA
PSEAdmin
public
radware
rapport
rcust
router
RSBCMON
sales
scan
security
service
setup
shop
steam
steve
storwatch
student
superman
supervisor
support
support
support
svin
svn
Sweex
sysadm
SYSADM
sysadm
sysadmin
system
target
tech
telco
telecom
telecomadmin
test
test
test
testuser
tomcat
ts3
ubadmin
ubuntu
user1
USERID
username
usuario
vcr
VNC
volition
vt100
VTech
vyatta
webadmin
webmaster
zabbix
pi
pi
postgres
admin
pi
support
user
guest
test
admin
admin
ubnt
jack
deployop
test
ishige
testing
mcserv
teamspeak7
test
admin
admin
admin
admin
test
admin
pi
support
user
guest
test
admin
guest
admin
admin
pi
support
user
guest
test
admin
admin
ubuntu
pi
pi
bananapi
debian
ubnt
vyos
vyatta
xbian
osmc
team
admin
support
user
1234
anonymous
admin
ubnt
admin
cisco
test
guest
user
operator
admin
admin
admin
admin
ftp
monitor
ftpuser
pi
PlcmSpIp
Management
ftpuser
admin1
admin1
admin1
bf2
bf2
bf2
upload
upload
upload
pi
pi
newuser
newuser
newuser
admin
pi
support
user
guest
test
admin
admin
ubnt
admin
admin
pi
pi
mongo
xman
xman
xman
arkserver
guest
ftpuser
ftpuser
ftpuser
anna
admin
support
install
user
user
user
anonymous
ubuntu
osmc
admin
username
admin
pi
administrator
guest
admin
ftpuser
admin
test
debian
pi
ftpuser
a
ubnt
noc
butter
system
git
ftp
peuser
sysop
7days
ftpuser
scanner
service
odroid
aaron
admin
admin
admin
anonymous
mysql
adm
invite
admin
admin
alarm
bananapi
utente
alessandra
deluge
postgres
public
1234
admin
angelo
kodi
manager
nagios
odoo
scan
admin
marco
roberto
userftp
12wqasxz
aaa
arma3server
console
minecraft
proftpd
toto
admin
antonio
apache
daniel
debian
fabio
guest
jenkins
monitor
openerp
oracle
prova
teamspeak
administrator
anish
app
import
mauro
media
openvpn
tech
tester
user
user1
xbian
adm
ADMIN
admin
admln
amanda
anna
backuppc
frank
git
kevin
leo
mother
music
nas
pi
pizza
test
test
tomcat
trivoallan
user
user
vbox
1
aatul
activemq
adm
admin
admin
admin
admin
admin
agnes
alarm
arma3
ask
bitnami
bot
chris
christian
commons
cpanel
cs
dasusr1
dbuser
downloader
falcon
fmaster
git
guest
hacluster
internet
kevin
km999
laura
logout
lucas
mario
mc
mysql
newadmin
pat
pi
postgres
prueba
public
redmine
roger
rsync
share
support
svn
tc
tecnico
temp
test
test
test
test1
tomcat7
user
vnc
vsftpd
webuser
zabbix
factorio
factorio
factorio
student
admin
pi
support
user
guest
test
admin
developer
vagrant
vagrant
vagrant
admin
support
user
1234
anonymous
admin
ubnt
admin
cisco
test
guest
user
operator
admin
admin
admin
admin
ftp
monitor
ftpuser
pi
PlcmSpIp
Management
ftpuser
stinusbot
space
space
space
elastcisearch
phion
steam
steam
steam
db2inst1
admin
sinusbot
admin
pi
support
user
guest
test
admin
camera
oracle
ethos
admin
admin
vps
sentry
user2
admin
support
user
1234
anonymous
admin
ubnt
admin
cisco
test
guest
user
operator
admin
admin
admin
admin
ftp
monitor
ftpuser
pi
PlcmSpIp
Management
ftpuser
gast
ubuntu
butter
support
support
support
support
admin
admin
admin
admin
ubnt
ubnt
ubnt
ubnt
user
user
user
user
service
service
service
service
guest
guest
guest
guest
default
default
default
default
test
test
test
test
manager
manager
manager
manager
administrator
administrator
administrator
administrator
12345
12345
12345
12345
ftp
ftp
ftp
ftp
ftpuser
ftpuser
ftpuser
ftpuser
username
username
username
username
admin
support
user
1234
anonymous
admin
ubnt
admin
cisco
test
guest
user
operator
admin
admin
admin
admin
ftp
monitor
ftpuser
pi
PlcmSpIp
Management
ftpuser
admin
admin
cacti
pi
pi
testuser
admin
pi
support
user
guest
test
admin
temp
admin
admin
admin
admin
support
user
1234
anonymous
admin
ubnt
admin
cisco
test
guest
user
operator
admin
admin
admin
admin
ftp
monitor
ftpuser
pi
PlcmSpIp
Management
ftpuser
svnadmin
admin
svc
user2
mc
administrator
user10
vnc
test123
nexus
frappe
clouduser
db2fenc2
appadmin
python
hdduser
zr
syadykin
db_backup
tom
ftp
backups
admin
admin
admin
admin
support
user
1234
anonymous
admin
admin
ubnt
pi
support
user
admin
guest
cisco
test
test
admin
guest
user
operator
admin
admin
admin
admin
ftp
monitor
ftpuser
pi
PlcmSpIp
Management
ftpuser
pi
pi
pi
pi
pi
pi
admin
support
install
user
user
user
userftp
admin
admin
admin
vmail
test
jenkins
admin
admin
admin
admin
admin
admin
Admin
admin
admin
admin
admin
admin
admin
admin
admin
admin
admin
admin
admin
admin
admin
1234
1234
Root
webuser
user
User
user
user
user
User
user
user
user
super
super
super
ubnt
oracledbtest
ubnt
ubnt
ubnt
111111
111111
111111
guest
Guest
guest
guest
default
default
SYSDBA
raspberry
administrator
Administrator
administrator
Administrator
administrator
123321
123321
0
0000
1111
123
12345
1502
22
22
266344
2Wire
3comcso
a
aaa
acc
adam
adfexc
adm
adm
adm
admin2
ADMN
agent
am
anonymous
apache
api
bill
bob
Cisco
client
daniel
david
demo
diag
disttech
draytek
dvs
e250
echo
engineer
enrique
fax
ftp
ftp
ftptest
ftpuser
ftpuser
git
halt
HELLO
helpdesk
hscroot
info
init
installer
jenkins
library
mailman
manager
Manager
manager
MANAGER
manager
mark
master
media
mike
monitor
mother
mtch
mtcl
mysql
naadmin
nagios
nagios
NAU
netman
nt
operator
Operator
operator
oracle
osmc
patrol
pi
pizza
plcmspip
PlcmSpIp
plcmspip
pmd
poll
Polycom
postgres
print2000
PRODDTA
PSEAdmin
public
radware
rapport
rcust
router
RSBCMON
sales
scan
security
service
setup
shop
steam
steve
storwatch
student
superman
supervisor
support
support
support
svin
svn
Sweex
sysadm
SYSADM
sysadm
sysadmin
system
target
tech
telco
telecom
telecomadmin
test
test
test
testuser
tomcat
ts3
ubadmin
ubuntu
user1
USERID
username
usuario
vcr
VNC
volition
vt100
VTech
vyatta
webadmin
webmaster
zabbix
coeurs
system
ethos
test3
informix
cloud
sftp
test2
teste
sftp
sysa
test
test0
minecraft
prueba
username
tomcat
redis
sftp
res
redhat
web
pi
pi
redhat
teamspeak
ts3
xrdp
apache2
user8
postgres
admin
support
user
1234
anonymous
admin
ubnt
admin
cisco
test
guest
user
operator
admin
admin
admin
admin
ftp
monitor
ftpuser
pi
PlcmSpIp
Management
ftpuser
admin
admin
pi
pi
mysql1
admin
pi
support
user
guest
test
admin
miner
pi
pi
tomcat
db2
payserver
men
pi
simsadmin
spot
dev
sysa
db2inst3
cpanelphpmyadmin
hduser
css
openvpn_as
svadmin
azureuser
vagrant
jenkins
ranjit
developer
linuxacademy
tomcat
public
test
pi
pi
admin
support
user
1234
anonymous
admin
ubnt
admin
cisco
test
guest
user
operator
admin
admin
admin
admin
ftp
monitor
ftpuser
pi
PlcmSpIp
Management
ftpuser
ethos
support
support
support
support
admin
admin
admin
admin
ubnt
ubnt
ubnt
ubnt
user
user
user
user
service
service
service
service
guest
guest
guest
guest
default
default
default
default
test
test
test
test
manager
manager
manager
manager
administrator
administrator
administrator
administrator
12345
12345
12345
12345
ftp
ftp
ftp
ftp
ftpuser
ftpuser
ftpuser
ftpuser
username
username
username
username
pi
pi
zabbix
nagios
admin
support
user
1234
anonymous
admin
ubnt
admin
cisco
test
guest
user
operator
admin
admin
admin
admin
ftp
monitor
ftpuser
pi
PlcmSpIp
Management
ftpuser
pi
pi
osmc
oracle
admin
user
guest
test
admin
admin
admin
admin
user
user
user
user
test
test
test
test
guest
guest
guest
guest
admin
admin
admin
admin
admin
admin
admin
admin
admin
admin
admin
admin
admin
admin
admin
admin
admin
admin
admin
admin
admin
admin
admin
admin
admin
admin
admin
admin
admin
admin
admin
admin
admin
admin
admin
admin
admin
admin
admin
admin
admin
admin
admin
admin
admin
admin
admin
admin
admin
admin
admin
admin
admin
admin
admin
admin
admin
admin
admin
admin
admin
admin
admin
admin
admin
admin
admin
admin
admin
admin
admin
admin
admin
admin
admin
admin
admin
admin
admin
admin
admin
admin
admin
admin
admin
admin
admin
admin
admin
admin
admin
admin
admin
admin
admin
admin
admin
admin
user
user
user
user
user
user
user
user
user
user
user
user
user
user
user
user
user
user
user
user
user
user
user
user
user
user
user
user
user
user
user
user
user
user
user
user
user
user
user
user
user
user
user
user
user
user
user
user
user
user
user
user
user
user
user
user
user
user
user
user
user
user
user
user
user
user
user
user
user
user
user
user
user
user
user
user
user
user
user
user
user
user
user
user
user
user
user
user
user
user
user
user
user
user
user
user
user
user
test
test
test
test
test
test
test
test
test
test
test
test
test
test
test
test
test
test
test
test
test
test
test
test
test
test
test
test
test
test
test
test
test
test
test
test
test
test
test
test
test
test
test
test
test
test
test
test
test
test
test
test
test
test
test
test
test
test
test
test
test
test
test
test
test
test
test
test
test
test
test
test
test
test
test
test
test
test
test
test
test
test
test
test
test
test
test
test
test
test
test
test
test
test
test
test
test
test
guest
guest
guest
guest
guest
guest
guest
guest
guest
guest
guest
guest
guest
guest
guest
guest
guest
guest
guest
guest
guest
guest
guest
guest
guest
guest
guest
guest
guest
guest
guest
guest
guest
guest
guest
guest
guest
guest
guest
guest
guest
guest
guest
guest
guest
guest
guest
guest
guest
guest
guest
guest
guest
guest
guest
guest
guest
guest
guest
guest
guest
guest
guest
guest
guest
guest
guest
guest
guest
guest
guest
guest
guest
guest
guest
guest
guest
guest
guest
guest
guest
guest
guest
guest
guest
guest
guest
guest
guest
guest
guest
guest
guest
guest
guest
guest
guest
guest
admin
admin
admin
admin
admin
admin
admin
admin
admin
admin
admin
admin
admin
admin
admin
admin
admin
admin
admin
admin
admin
admin
admin
admin
admin
admin
admin
admin
admin
admin
admin
admin
admin
admin
admin
admin
admin
admin
admin
admin
admin
admin
admin
admin
admin
admin
admin
admin
admin
admin
admin
admin
admin
admin
admin
admin
admin
admin
admin
admin
admin
admin
admin
admin
admin
admin
admin
admin
admin
admin
admin
admin
admin
admin
admin
admin
admin
admin
admin
admin
admin
admin
admin
admin
admin
admin
admin
admin
admin
admin
admin
admin
admin
admin
admin
admin
admin
admin
admin
admin
admin
admin
admin
admin
admin
admin
admin
admin
admin
admin
admin
admin
admin
admin
admin
admin
admin
admin
admin
admin
admin
admin
admin
admin
admin
admin
admin
admin
admin
admin
admin
admin
admin
admin
admin
admin
admin
admin
admin
admin
admin
admin
admin
admin
admin
admin
admin
admin
admin
admin
admin
admin
admin
admin
admin
admin
admin
admin
admin
admin
admin
admin
admin
admin
admin
admin
admin
admin
admin
admin
admin
admin
admin
admin
admin
admin
admin
admin
admin
admin
admin
admin
admin
admin
admin
admin
admin
admin
admin
admin
admin
admin
admin
admin
admin
admin
admin
admin
admin
admin
admin
admin
admin
admin
admin
admin
admin
admin
admin
admin
admin
admin
admin
admin
admin
admin
admin
admin
admin
admin
admin
admin
admin
admin
admin
admin
admin
admin
admin
admin
admin
admin
admin
admin
admin
admin
admin
admin
admin
admin
admin
admin
admin
admin
admin
admin
admin
admin
admin
admin
admin
admin
admin
admin
admin
admin
admin
admin
admin
admin
admin
admin
admin
admin
admin
admin
admin
admin
admin
admin
admin
admin
admin
admin
admin
admin
admin
admin
admin
admin
admin
admin
admin
admin
admin
admin
admin
admin
admin
admin
admin
admin
admin
admin
admin
admin
admin
admin
admin
admin
admin
admin
admin
admin
admin
admin
admin
admin
admin
admin
admin
admin
admin
admin
admin
admin
admin
admin
admin
admin
admin
admin
admin
admin
admin
admin
admin
admin
admin
admin
admin
admin
admin
admin
admin
admin
admin
admin
admin
admin
admin
admin
admin
admin
admin
admin
admin
admin
admin
admin
admin
admin
admin
admin
admin
admin
admin
admin
admin
admin
admin
admin
admin
admin
admin
admin
admin
admin
admin
admin
admin
admin
admin
admin
admin
admin
admin
admin
admin
admin
admin
admin
admin
admin
admin
admin
admin
admin
admin
admin
admin
admin
admin
admin
admin
admin
admin
admin
admin
admin
admin
admin
admin
admin
admin
admin
admin
admin
admin
admin
admin
admin
admin
admin
admin
admin
admin
admin
admin
admin
admin
admin
admin
admin
admin
admin
admin
admin
admin
admin
admin
admin
admin
admin
admin
admin
admin
admin
admin
admin
admin
admin
admin
admin
admin
admin
admin
admin
admin
admin
admin
admin
admin
admin
admin
admin
admin
admin
admin
admin
admin
admin
admin
admin
admin
admin
admin
admin
admin
admin
admin
admin
admin
admin
admin
admin
admin
admin
admin
admin
admin
admin
admin
admin
admin
admin
admin
admin
admin
admin
admin
admin
admin
admin
admin
admin
admin
admin
admin
admin
admin
admin
admin
admin
admin
admin
admin
admin
admin
admin
admin
admin
admin
admin
admin
admin
admin
admin
admin
admin
admin
admin
admin
admin
admin
admin
admin
admin
admin
admin
admin
admin
admin
admin
admin
admin
admin
admin
admin
admin
admin
admin
admin
admin
admin
admin
admin
admin
admin
admin
admin
admin
admin
admin
admin
admin
admin
admin
admin
admin
admin
admin
admin
admin
admin
admin
admin
admin
admin
admin
admin
admin
admin
admin
admin
admin
admin
admin
admin
admin
admin
admin
admin
admin
admin
admin
admin
admin
admin
admin
admin
admin
admin
admin
admin
admin
admin
admin
admin
admin
admin
admin
admin
admin
admin
admin
admin
admin
admin
admin
admin
admin
admin
admin
admin
admin
admin
admin
admin
admin
admin
admin
admin
admin
admin
admin
admin
admin
admin
admin
admin
admin
admin
admin
admin
admin
admin
admin
admin
admin
admin
admin
admin
admin
admin
admin
admin
admin
admin
admin
admin
admin
admin
admin
admin
admin
admin
admin
admin
admin
admin
admin
admin
admin
admin
admin
admin
admin
admin
admin
admin
admin
admin
admin
admin
admin
admin
admin
admin
admin
admin
admin
admin
admin
admin
admin
admin
admin
admin
admin
admin
admin
admin
admin
admin
admin
admin
admin
admin
admin
admin
admin
admin
admin
admin
admin
admin
admin
admin
admin
admin
admin
admin
admin
admin
admin
admin
admin
admin
admin
admin
admin
admin
admin
admin
admin
admin
admin
admin
admin
admin
admin
admin
admin
admin
admin
admin
admin
admin
admin
admin
admin
admin
admin
admin
admin
admin
admin
admin
admin
admin
admin
admin
admin
admin
admin
admin
admin
admin
admin
admin
admin
admin
admin
admin
admin
admin
admin
admin
admin
admin
admin
admin
admin
admin
admin
admin
admin
admin
admin
admin
admin
admin
admin
admin
admin
admin
admin
admin
admin
admin
admin
admin
admin
admin
admin
admin
admin
admin
admin
admin
admin
admin
admin
admin
admin
admin
admin
admin
admin
admin
admin
admin
admin
admin
admin
admin
admin
admin
admin
admin
admin
admin
admin
admin
admin
admin
admin
admin
admin
admin
admin
admin
admin
admin
admin
admin
admin
admin
admin
admin
admin
admin
admin
admin
admin
admin
admin
admin
admin
admin
admin
admin
admin
admin
admin
admin
admin
admin
admin
admin
admin
admin
admin
admin
admin
admin
admin
admin
admin
admin
admin
admin
admin
admin
admin
admin
admin
admin
admin
admin
admin
admin
admin
admin
admin
admin
admin
admin
admin
admin
admin
admin
admin
admin
admin
admin
admin
admin
admin
admin
admin
admin
admin
admin
admin
admin
admin
admin
admin
admin
user
user
user
user
user
user
user
user
user
user
user
user
user
user
user
user
user
user
user
user
user
user
user
user
user
user
user
user
user
user
user
user
user
user
user
user
user
user
user
user
user
user
user
user
user
user
user
user
user
user
user
user
user
user
user
user
user
user
user
user
user
user
user
user
user
user
user
user
user
user
user
user
user
user
user
user
user
user
user
user
user
user
user
user
user
user
user
user
user
user
user
user
user
user
user
user
user
user
user
user
user
user
user
user
user
user
user
user
user
user
user
user
user
user
user
user
user
user
user
user
user
user
user
user
user
user
user
user
user
user
user
user
user
user
user
user
user
user
user
user
user
user
user
user
user
user
user
user
user
user
user
user
user
user
user
user
user
user
user
user
user
user
user
user
user
user
user
user
user
user
user
user
user
user
user
user
user
user
user
user
user
user
user
user
user
user
user
user
user
user
user
user
user
user
user
user
user
user
user
user
user
user
user
user
user
user
user
user
user
user
user
user
user
user
user
user
user
user
user
user
user
user
user
user
user
user
user
user
user
user
user
user
user
user
user
user
user
user
user
user
user
user
user
user
user
user
user
user
user
user
user
user
user
user
user
user
user
user
user
user
user
user
user
user
user
user
user
user
user
user
user
user
user
user
user
user
user
user
user
user
user
user
user
user
user
user
user
user
user
user
user
user
user
user
user
user
user
user
user
user
user
user
user
user
user
user
user
user
user
user
user
user
user
user
user
user
user
user
user
user
user
user
user
user
user
user
user
user
user
user
user
user
user
user
user
user
user
user
user
user
user
user
user
user
user
user
user
user
user
user
user
user
user
user
user
user
user
user
user
user
user
user
user
user
user
user
user
user
user
user
user
user
user
user
user
user
user
user
user
user
user
user
user
user
user
user
user
user
user
user
user
user
user
user
user
user
user
user
user
user
user
user
user
user
user
user
user
user
user
user
user
user
user
user
user
user
user
user
user
user
user
user
user
user
user
user
user
user
user
user
user
user
user
user
user
user
user
user
user
user
user
user
user
user
user
user
user
user
user
user
user
user
user
user
user
user
user
user
user
user
user
user
user
user
user
user
user
user
user
user
user
user
user
user
user
user
user
user
user
user
user
user
user
user
user
user
user
user
user
user
user
user
user
user
user
user
user
user
user
user
user
user
user
user
user
user
user
user
user
user
user
user
user
user
user
user
user
user
user
user
user
user
user
user
user
user
user
user
user
user
user
user
user
user
user
user
user
user
user
user
user
user
user
user
user
user
user
user
user
user
user
user
user
user
user
user
user
user
user
user
user
user
user
user
user
user
user
user
user
user
user
user
user
user
user
user
user
user
user
user
user
user
user
user
user
user
user
user
user
user
user
user
user
user
user
user
user
user
user
user
user
user
user
user
user
user
user
user
user
user
user
user
user
user
user
user
user
user
user
user
user
user
user
user
user
user
user
user
user
user
user
user
user
user
user
user
user
user
user
user
user
user
user
user
user
user
user
user
user
user
user
user
user
user
user
user
user
user
user
user
user
user
user
user
user
user
user
user
user
user
user
user
user
user
user
user
user
user
user
user
user
user
user
user
user
user
user
user
user
user
user
user
user
user
user
user
user
user
user
user
admin
user
user
user
user
user
osmc
user
user
user
user
user
user
user
user
user
user
user
user
user
user
user
user
user
user
user
user
user
user
user
user
user
user
user
user
user
user
user
user
user
user
user
user
user
user
user
user
user
user
user
user
user
user
user
user
user
user
user
user
user
user
user
user
user
user
user
user
user
user
user
user
user
user
user
user
user
user
user
user
user
user
user
user
user
user
user
user
user
user
user
user
user
user
user
user
user
user
user
user
user
user
user
user
user
user
user
user
user
user
user
user
user
user
user
user
user
user
user
user
user
user
user
user
user
user
user
user
user
user
user
user
user
user
user
user
user
user
user
user
user
user
user
user
user
user
user
user
user
user
user
user
user
user
user
user
user
user
user
user
user
user
user
user
user
user
user
user
user
user
user
user
user
user
user
user
user
user
user
user
user
user
user
user
user
user
user
user
user
user
user
user
user
user
user
user
user
user
user
user
user
user
user
user
user
user
user
user
user
user
user
user
test
test
test
test
test
test
test
test
test
test
test
test
test
test
test
test
test
test
test
test
test
test
test
test
test
test
test
test
test
test
test
test
test
test
test
test
test
test
test
test
test
test
test
test
test
test
test
test
test
test
test
test
test
test
test
test
test
test
test
test
test
test
test
test
test
test
test
test
test
test
test
test
test
test
test
test
test
test
test
test
test
test
test
test
test
test
test
test
test
test
test
test
test
test
test
test
test
test
test
test
test
test
test
test
test
test
test
test
test
test
test
test
test
test
test
test
test
test
test
test
test
test
test
test
test
test
test
test
test
test
test
test
test
test
test
test
test
test
test
test
test
test
test
test
test
test
test
test
test
test
test
test
test
test
test
test
test
test
test
test
test
test
test
test
test
test
test
test
test
test
test
test
test
test
test
test
test
test
test
test
test
test
test
test
test
test
test
test
test
test
test
test
test
test
test
test
test
test
test
test
test
test
test
test
test
test
test
test
test
test
test
test
test
test
test
test
test
test
test
test
test
test
test
test
test
test
test
test
test
test
test
test
test
test
test
test
test
test
test
test
test
test
test
test
test
test
test
test
test
test
test
test
test
test
test
test
test
test
test
test
test
test
test
test
test
test
test
test
test
test
test
test
test
test
test
test
test
test
test
test
test
test
test
test
test
test
test
test
test
test
test
test
test
test
test
test
test
test
test
test
test
test
test
test
test
test
test
test
test
test
test
test
test
test
test
test
test
test
test
test
test
test
test
test
test
test
test
test
test
test
test
test
test
test
test
test
test
test
test
test
test
test
test
test
test
test
test
test
test
test
test
test
test
test
test
test
test
test
test
test
test
test
test
test
test
test
test
test
test
test
test
test
test
test
test
test
test
test
test
test
test
test
test
test
test
test
test
test
test
test
test
test
test
test
test
test
test
test
test
test
test
test
test
test
test
test
test
test
test
test
test
test
test
test
test
test
test
test
test
test
test
test
test
test
test
test
test
test
test
test
test
test
test
test
test
test
test
test
test
test
test
test
test
test
test
test
test
test
test
test
test
test
test
test
test
test
test
test
test
test
test
test
test
test
test
test
test
test
test
test
test
test
test
test
test
test
test
test
test
test
test
test
test
test
test
test
test
test
test
test
test
test
test
test
test
test
test
test
test
test
test
test
test
test
test
test
test
test
test
test
test
test
test
test
test
test
test
test
test
test
test
test
test
test
test
test
test
test
test
test
test
test
test
test
test
test
test
test
test
test
test
test
test
test
test
test
test
test
test
test
test
test
test
test
test
test
test
test
test
test
test
test
test
test
test
test
test
test
test
test
test
test
test
test
test
test
test
test
test
test
test
test
test
test
test
test
test
test
test
test
test
test
test
test
test
test
test
test
test
test
test
test
test
test
test
test
test
test
test
test
test
test
test
test
test
test
test
test
test
test
test
test
test
test
test
test
test
test
test
test
test
test
test
test
test
test
test
test
test
test
test
test
test
test
test
test
test
test
test
test
test
test
test
test
test
test
test
test
test
test
test
test
test
test
test
test
test
test
test
test
test
test
test
test
test
test
test
test
test
test
test
test
test
test
test
test
test
test
test
test
test
test
test
test
test
test
test
test
test
test
test
test
test
test
test
test
test
test
test
test
test
test
test
test
test
test
test
test
test
test
test
test
test
test
test
test
test
test
test
test
test
test
test
test
test
test
test
test
test
test
test
test
test
test
test
test
test
test
test
test
test
test
test
test
test
test
test
test
test
test
test
test
test
test
test
test
test
test
test
test
test
test
test
test
test
test
test
test
test
test
test
test
test
test
test
test
test
test
test
test
test
test
test
test
test
test
test
test
test
test
test
test
test
test
test
test
test
test
test
test
test
test
test
test
test
test
test
test
test
test
test
test
test
test
test
test
test
test
test
test
test
test
test
test
test
test
test
test
test
test
test
test
test
test
test
test
test
test
test
test
test
test
test
test
test
test
test
test
test
test
test
test
test
test
test
test
test
test
test
test
test
test
test
test
test
test
test
test
test
test
test
test
test
test
test
test
test
test
test
test
test
test
test
test
test
test
test
test
test
test
test
test
test
test
test
test
test
test
test
guest
guest
guest
guest
guest
guest
guest
guest
guest
guest
guest
guest
guest
guest
guest
guest
guest
guest
guest
guest
guest
guest
guest
guest
guest
guest
guest
guest
guest
guest
guest
guest
guest
guest
guest
guest
guest
guest
guest
guest
guest
guest
guest
guest
guest
guest
guest
guest
guest
guest
guest
guest
guest
guest
guest
guest
guest
guest
guest
guest
guest
guest
guest
guest
guest
guest
guest
guest
guest
guest
guest
guest
guest
guest
guest
guest
guest
guest
guest
guest
guest
guest
guest
guest
guest
guest
guest
guest
guest
guest
guest
guest
guest
guest
guest
guest
guest
guest
guest
guest
guest
guest
guest
guest
guest
guest
guest
guest
guest
guest
guest
guest
guest
guest
guest
guest
guest
guest
guest
guest
guest
guest
guest
guest
guest
guest
guest
guest
guest
guest
guest
guest
guest
guest
guest
guest
guest
guest
guest
guest
guest
guest
guest
guest
guest
guest
guest
guest
guest
guest
guest
guest
guest
guest
guest
guest
guest
guest
guest
guest
guest
guest
guest
guest
guest
guest
guest
guest
guest
guest
guest
guest
guest
guest
guest
guest
guest
guest
guest
guest
guest
guest
guest
guest
guest
guest
guest
guest
guest
guest
guest
guest
guest
guest
guest
guest
guest
guest
guest
guest
guest
guest
guest
guest
guest
guest
guest
guest
guest
guest
guest
guest
guest
guest
guest
guest
guest
guest
guest
guest
guest
guest
guest
guest
guest
guest
guest
guest
guest
guest
guest
guest
guest
guest
guest
guest
guest
guest
guest
guest
guest
guest
guest
guest
guest
guest
guest
guest
guest
guest
guest
guest
guest
guest
guest
guest
guest
guest
guest
guest
guest
guest
guest
guest
guest
guest
guest
guest
guest
guest
guest
guest
guest
guest
guest
guest
guest
guest
guest
guest
guest
guest
guest
guest
guest
guest
guest
guest
guest
guest
guest
guest
guest
guest
guest
guest
guest
guest
guest
guest
guest
guest
guest
guest
guest
guest
guest
guest
guest
guest
guest
guest
guest
guest
guest
guest
guest
guest
guest
guest
guest
guest
guest
guest
guest
guest
guest
guest
guest
guest
guest
guest
guest
guest
guest
guest
guest
guest
guest
guest
guest
guest
guest
guest
guest
guest
guest
guest
guest
guest
guest
guest
guest
guest
guest
guest
guest
guest
guest
guest
guest
guest
guest
guest
guest
guest
guest
guest
guest
guest
guest
guest
guest
guest
guest
guest
guest
guest
guest
guest
guest
guest
guest
guest
guest
guest
guest
guest
guest
guest
guest
guest
guest
guest
guest
guest
guest
guest
guest
guest
guest
guest
guest
guest
guest
guest
guest
guest
guest
guest
guest
guest
guest
guest
guest
guest
guest
guest
guest
guest
guest
guest
guest
guest
guest
guest
guest
guest
guest
guest
guest
guest
guest
guest
guest
guest
guest
guest
guest
guest
guest
guest
guest
guest
guest
guest
guest
guest
guest
guest
guest
guest
guest
guest
guest
guest
guest
guest
guest
guest
guest
guest
guest
guest
guest
guest
guest
guest
guest
guest
guest
guest
guest
guest
guest
guest
guest
guest
guest
guest
guest
guest
guest
guest
guest
guest
guest
guest
guest
guest
guest
guest
guest
guest
guest
guest
guest
guest
guest
guest
guest
guest
guest
guest
guest
guest
guest
guest
guest
guest
guest
guest
guest
guest
guest
guest
guest
guest
guest
guest
guest
guest
guest
guest
guest
guest
guest
guest
guest
guest
guest
guest
guest
guest
guest
guest
guest
guest
guest
guest
guest
guest
guest
guest
guest
guest
guest
guest
guest
guest
guest
guest
guest
guest
guest
guest
guest
guest
guest
guest
guest
guest
guest
guest
guest
guest
guest
guest
guest
guest
guest
guest
guest
guest
guest
guest
guest
guest
guest
guest
guest
guest
guest
guest
guest
guest
guest
guest
guest
guest
guest
guest
guest
guest
guest
guest
guest
guest
guest
guest
guest
guest
guest
guest
guest
guest
guest
guest
guest
guest
guest
guest
guest
guest
guest
guest
guest
guest
guest
guest
guest
guest
guest
guest
guest
guest
guest
guest
guest
guest
guest
guest
guest
guest
guest
guest
guest
guest
guest
guest
guest
guest
guest
guest
guest
guest
guest
guest
guest
guest
guest
guest
guest
guest
guest
guest
guest
guest
guest
guest
guest
guest
guest
guest
guest
guest
guest
guest
guest
guest
guest
guest
guest
guest
guest
guest
guest
guest
guest
guest
guest
guest
guest
guest
guest
guest
guest
guest
guest
guest
guest
guest
guest
guest
guest
guest
guest
guest
guest
guest
guest
guest
guest
guest
guest
guest
guest
guest
guest
guest
guest
guest
guest
guest
guest
guest
guest
guest
guest
guest
guest
guest
guest
guest
guest
guest
guest
guest
guest
guest
guest
guest
guest
guest
guest
guest
guest
guest
guest
guest
guest
guest
guest
guest
guest
guest
guest
guest
guest
guest
guest
guest
guest
guest
guest
guest
guest
guest
guest
guest
guest
guest
guest
guest
guest
guest
guest
guest
guest
guest
guest
guest
guest
guest
guest
guest
guest
guest
guest
guest
guest
guest
guest
guest
guest
guest
guest
guest
guest
guest
guest
guest
guest
guest
guest
guest
guest
guest
guest
guest
guest
guest
guest
guest
guest
guest
guest
guest
guest
guest
guest
guest
guest
guest
guest
guest
guest
guest
guest
guest
guest
guest
guest
guest
guest
guest
guest
guest
guest
guest
guest
guest
guest
guest
guest
guest
guest
guest
guest
guest
guest
guest
guest
guest
guest
guest
guest
guest
guest
guest
guest
guest
guest
guest
guest
guest
guest
guest
guest
guest
guest
guest
guest
guest
guest
guest
guest
guest
guest
guest
guest
guest
guest
guest
guest
guest
guest
guest
guest
guest
guest
guest
guest
guest
guest
guest
guest
guest
guest
guest
guest
guest
guest
guest
guest
guest
guest
guest
guest
guest
guest
guest
guest
guest
guest
guest
guest
guest
guest
gamemaster
max
plex
admin
support
user
1234
anonymous
admin
ubnt
admin
cisco
test
guest
user
operator
admin
admin
admin
admin
ftp
monitor
ftpuser
pi
PlcmSpIp
Management
ftpuser
redmine
admin
admin
support
support
support
support
admin
admin
admin
admin
ubnt
ubnt
ubnt
ubnt
user
user
user
user
service
service
service
service
guest
guest
guest
guest
default
default
default
default
test
test
test
test
manager
manager
manager
manager
administrator
administrator
administrator
administrator
12345
12345
12345
12345
ftp
ftp
ftp
ftp
ftpuser
ftpuser
ftpuser
ftpuser
username
username
username
username
admin
admin
ubnt
info
admin
guest
PlcmSpIp
ftpuser
couchdb
app
admin
pi
support
user
guest
test
admin
gaurav
pi
test
activemq
activemq
cyrus
houx
verwalter
adrian
student
Administrator
test
admin
maxo
joseph
upload
uplink
ftpuser
user
admin
bryan
student6
admin
admin
admin
test9
backuppc
test
test
admin
user3
system
test
cstrike
pi
pi
hadoop
haslo
shop1
bla
test
admin
pi
support
user
guest
test
admin
oracle5
admin
support
user
1234
anonymous
admin
ubnt
admin
cisco
test
guest
user
operator
admin
admin
admin
admin
ftp
monitor
ftpuser
pi
PlcmSpIp
Management
ftpuser
admin
clnet
pzserver
sales
nathan
gio
vbox
ftp
google
logger
admin
admin
ubnt
pi
pi
apacheds
pi
pi
bot1
user
fedora
pi
pi
admin
admin
admin
rack
csgoserver
admin
server
lily
luan
admin
admin
pi
ubnt
ispapps
bot
logger
bogota
couchdb
svn
pi
pi
admin
support
user
1234
anonymous
admin
ubnt
admin
cisco
test
guest
user
operator
admin
admin
admin
admin
ftp
monitor
ftpuser
pi
PlcmSpIp
Management
ftpuser
teste
pi
pi
ftpuser
admin
admin
admin
admin
admin
admin
Admin
admin
admin
admin
admin
admin
admin
admin
admin
admin
admin
admin
admin
admin
admin
1234
1234
Root
user
User
user
user
user
User
user
user
user
super
super
super
ubnt
ubnt
ubnt
ubnt
111111
111111
111111
guest
Guest
guest
guest
default
default
SYSDBA
raspberry
administrator
Administrator
administrator
Administrator
administrator
123321
123321
0
0000
1111
123
12345
1502
22
22
266344
2Wire
3comcso
a
aaa
acc
adam
adfexc
adm
adm
adm
admin2
ADMN
agent
am
anonymous
apache
api
bill
bob
Cisco
client
daniel
david
demo
diag
disttech
draytek
dvs
e250
echo
engineer
enrique
fax
ftp
ftp
ftptest
ftpuser
ftpuser
git
halt
HELLO
helpdesk
hscroot
info
init
installer
jenkins
library
mailman
manager
Manager
manager
MANAGER
manager
mark
master
media
mike
monitor
mother
mtch
mtcl
mysql
naadmin
nagios
nagios
NAU
netman
nt
operator
Operator
operator
oracle
osmc
patrol
pi
pizza
plcmspip
PlcmSpIp
plcmspip
pmd
poll
Polycom
postgres
print2000
PRODDTA
PSEAdmin
public
radware
rapport
rcust
router
RSBCMON
sales
scan
security
service
setup
shop
steam
steve
storwatch
student
superman
supervisor
support
support
support
svin
svn
Sweex
sysadm
SYSADM
sysadm
sysadmin
system
target
tech
telco
telecom
telecomadmin
test
test
test
testuser
tomcat
ts3
ubadmin
ubuntu
user1
USERID
username
usuario
vcr
VNC
volition
vt100
VTech
vyatta
webadmin
webmaster
zabbix
test
sftpuser
test
admin
admin
sysop
pi
pi
admin
pi
pi
test
geometry
admin
pi
support
user
guest
test
admin
student
teamspeak
developer
teamspeak
developer
admin
support
user
1234
anonymous
admin
ubnt
admin
cisco
test
guest
user
operator
admin
admin
admin
admin
ftp
monitor
ftpuser
pi
PlcmSpIp
Management
ftpuser
teamspeak
developer
admin
admin
admin
teamspeak
developer
teamspeak
developer
teamspeak
test
test
liam
mailman
student
admin
support
user
1234
zxin10
anonymous
admin
ubnt
admin
cisco
test
guest
user
operator
admin
admin
admin
admin
ftp
monitor
ftpuser
pi
PlcmSpIp
Management
ftpuser
jobs
teste
admin
admin
admin
teamspeak
max
zero
admin
pi
support
user
guest
test
admin
mac
bitnami
wilfred
guest
pi
pi
ftpuser
test
test
blake
sysadmin
peter
bot
kodi
test
nitalaut
user
ivan
marisa
manager
george
admin
admin
ubuntu
pi
pi
pentaho
postgres
data
family
systemuser
kompozit
admin
support
user
1234
anonymous
admin
ubnt
admin
cisco
test
guest
user
operator
admin
admin
admin
admin
ftp
monitor
ftpuser
pi
PlcmSpIp
Management
ftpuser
julio
support
pos
geek
student
ts3musicbot
student
pi
pi
couchdb
sinusbot
elias
elias
arcs
rms
cashier
oracle
admin
admin
admin
topmada
test
sysman
pi
pi
dparedes
upload
test9
ubuntu
zxin10
vinuta
laoyw
deluge
andree
luan
nearftp
tom
han
python
admin
support
user
1234
anonymous
admin
ubnt
admin
cisco
test
guest
user
operator
admin
admin
admin
admin
ftp
monitor
ftpuser
pi
PlcmSpIp
Management
ftpuser
elias
cs
teste
admin
pi
support
user
guest
test
admin
crowiel
rabbitmq
arung
faly
sdtd
ftptest
programacion
siva
test
minerva
minerva
ftpusr
ftpusr
adm
adm
admin
sandeep
sandeep
admin
admin
new
new
ftp
ftp
rtest
rtest
forkserver
forkserver
jayden
admin
pi
yui
yui
ubuntu
alvaro
alvaro
pi
pi
arthur
arthur
mpe
testing
admin
admin
support
user
1234
anonymous
admin
ubnt
admin
cisco
test
guest
user
operator
admin
admin
admin
admin
ftp
monitor
ftpuser
pi
PlcmSpIp
Management
ftpuser
postgres
teamspeak
admin
admin
admin
teamspeak3
jasonhu
user
pi
pi
www
gmodserver2
webspace
unixadm
admin
admin
admin
admin
admin
admin
Admin
admin
admin
admin
admin
admin
admin
admin
admin
admin
admin
admin
admin
admin
admin
1234
1234
Root
user
User
user
user
user
User
user
user
user
super
super
super
ubnt
ubnt
ubnt
ubnt
111111
111111
111111
guest
Guest
guest
guest
default
default
SYSDBA
raspberry
administrator
Administrator
administrator
Administrator
administrator
123321
123321
0
0000
1111
123
12345
1502
22
22
266344
2Wire
3comcso
a
aaa
acc
adam
adfexc
adm
adm
adm
admin2
ADMN
agent
am
anonymous
apache
api
bill
bob
Cisco
client
daniel
david
demo
diag
disttech
draytek
dvs
e250
echo
engineer
enrique
fax
ftp
ftp
ftptest
ftpuser
ftpuser
git
halt
HELLO
helpdesk
hscroot
info
init
installer
jenkins
library
mailman
manager
Manager
manager
MANAGER
manager
mark
master
media
mike
monitor
mother
mtch
mtcl
mysql
naadmin
nagios
ebeuser
nagios
NAU
netman
nt
operator
Operator
operator
oracle
osmc
patrol
pi
pizza
plcmspip
PlcmSpIp
plcmspip
pmd
poll
Polycom
postgres
print2000
PRODDTA
PSEAdmin
public
radware
rapport
rcust
router
RSBCMON
sales
scan
security
service
setup
shop
steam
steve
storwatch
student
superman
supervisor
support
support
support
svin
svn
Sweex
sysadm
SYSADM
sysadm
sysadmin
system
target
tech
telco
telecom
telecomadmin
test
test
test
testuser
tomcat
ts3
ubadmin
ubuntu
user1
USERID
username
usuario
vcr
VNC
volition
vt100
VTech
vyatta
webadmin
webmaster
zabbix
musikbot
nagios
teste
admin
pi
support
user
guest
test
admin
administranto
admin
support
user
1234
anonymous
admin
ubnt
admin
cisco
test
guest
user
operator
admin
admin
admin
admin
ftp
monitor
ftpuser
pi
PlcmSpIp
Management
ftpuser
pi
pi
pi
ubnt
ts3server
pi
pi
prueba
copyuser
install
asalim
terraria
admin
admin
admin
pi
pi
test
user
sun
admin
public
admin
pi
support
user
guest
test
admin
supervisor
bananapi
uno85
bot
admin
db
network
teacher
cooper
test
admin
admin
support
user
1234
anonymous
admin
ubnt
admin
cisco
test
guest
user
operator
admin
admin
admin
admin
ftp
monitor
ftpuser
pi
PlcmSpIp
Management
ftpuser
hadoop
admin
admin
admin
test
cpanel
product
olah
ubuntu
webmaster
training
ethos
vmuser
suse
pi
pi
snapp
oracle
alexis
admin
admin
admin
fhjvd
nginx
stephen
0
chimistry
nagios
admin
blankendes
1234
123456
a
a1
aaron
accounts
ace
adam
admin
admin
admin
admin
admin
admin
admin
admin
admin
admin
admin
admin
admin
admin
admin
admin
admin
admin
admin
admin
admin1
administrateur
administrator
administrator
adrian
alan
albert
alex
alice
andrea
andy
angel
angela
anita
anna
anthony
apache
b
backups
barbara
bitnami
bob
car
carmen
catherine
chris
clamav
client
config
console
contact
copier
customer
customs
daniel
data
data
dave
david
default
demo
demo
dennis
desktop
dev
developer
developer
digital
dvs
edi
engineer
fax
fmaster
friends
ftp
english
ftp
ftp
ftp
ftp
ftptest
ftpuser
ftpuser
ftpuser
ftpuser
ftpuser
ftpuser
ftpuser
gabriel
gary
george
ghost
ghost
git
git
guest
guest
harold
home
http
hyperic
incoming
info
info
info
installer
internet
jack
james
java
java
jay
jenkins
john
john
john
jordan
joseph
josh
juan
judy
kelly
library
linda
linux
logout
m
manager
mark
media
michel
mike
mms
mobile
monica
monitor
monitor
mother
music
mysql
nagios
nagios
network
new
null
nuucp
office
openfiler
openvpn
oper
operator
oracle
patrick
pc
peter
PlcmSpIp
PlcmSplp
plex
postfix
postgres
production
prueba
pt
reboot
record
richard
admin
admin
elastic
sales
sam
sandra
sara
scan
scanner
secure
security
service
squid
squid
stephen
steve
student
sue
support
support
support
svn
sysadmin
sysadmin
tanya
teamspeak
telnet
temp
test
test
test
test
test
test
test
test
test
test
test1
test1
test123
test2
tester
testftp
testing
testing
testuser
testuser
testuser
testuser
tom
tomek
top
toto
tplink
ts3
tyler
upload
upload
user
user
user
user
user
user
user
user1
user1
user2
userftp
username
victor
visitor
vyatta
web
webadmin
webadmin
webmaster
william
winston
wordpress
www
xbmc
zero
admin
admin
admin
supervisor
admin
admin
admin
test
admin
support
user
1234
anonymous
admin
ubnt
admin
cisco
test
guest
user
operator
admin
admin
admin
admin
ftp
monitor
ftpuser
pi
PlcmSpIp
Management
ftpuser
1234
admin
support
support
support
support
admin
admin
admin
admin
ubnt
ubnt
ubnt
ubnt
user
user
user
user
service
service
service
service
guest
guest
guest
guest
default
default
default
default
test
test
test
test
manager
manager
manager
manager
administrator
administrator
administrator
administrator
12345
12345
12345
12345
ftp
ftp
ftp
ftp
ftpuser
ftpuser
ftpuser
ftpuser
username
username
username
username
test10
packer
admin
admin
admin
user1
admin
pi
pi
admin
deployer
admin
miner
user7
webmail
admin
test
gopher
admin
support
user
1234
anonymous
admin
ubnt
admin
cisco
test
guest
sybase
user
operator
admin
admin
admin
admin
ftp
monitor
ftpuser
pi
PlcmSpIp
Management
ftpuser
solr
debian
user1
snapp
test
noc
admin
geometry
admin
admin
albert
gentoo
test
admin
oracle
pi
pi
ubuntu
admin
test
ts3
test
es
gitolite
test
sinusbot
admin
support
user
1234
anonymous
admin
ubnt
admin
cisco
test
guest
user
operator
admin
admin
admin
admin
ftp
monitor
ftpuser
pi
PlcmSpIp
Management
ftpuser
admin
admin
admin
admin
admin
default
test
test
test
voo
sysadm
gitlab
cc
tracy
felix
user
zimbra
ethos
rohit
bot
testuser
student1
matrix
ftpusr
ftp
guest
mt7109
printer
test
asalim
test
samp
ubuntu
ubuntu
vmware
bs
support
srvadmin
admin
support
user
1234
anonymous
admin
ubnt
admin
cisco
test
guest
user
operator
admin
admin
admin
admin
ftp
monitor
ftpuser
pi
PlcmSpIp
Management
ftpuser
admin
support
admin
user
user
osmc
guest
user
install
ftpuser
admin
admin
ubuntu
noc
ftpuser
test
pi
peuser
zxin10
ethos
cmsftp
0
pi
pi
admin
admin
admin
1234
admin
t7adm
admin
david
setup
arkserver
uplink
admin
pi
pi
gopher
diag
system
admin
nexus
service
redis
admin
support
user
1234
anonymous
admin
ubnt
admin
cisco
test
guest
user
operator
admin
admin
admin
admin
ftp
monitor
ftpuser
pi
PlcmSpIp
Management
ftpuser
yarosh
frenkfin
admin
support
admin
user
user
osmc
guest
user
install
ftpuser
admin
admin
ubuntu
noc
ftpuser
test
pi
peuser
debian
pi
ubnt
user7
wordpress
systemuser
vika
systemuser
tmp
support
www
admin
ultra
admin
test
www
team1
git
cactiuser
ubnt
ken
admin
admin
admin
admin
admin
admin
admin
admin
Admin
admin
admin
admin
admin
admin
admin
admin
admin
admin
admin
admin
admin
admin
admin
1234
1234
Root
user
User
user
user
user
User
user
user
user
super
super
super
ubnt
ubnt
ubnt
ubnt
111111
111111
111111
guest
Guest
guest
guest
default
default
SYSDBA
raspberry
administrator
Administrator
administrator
Administrator
administrator
123321
123321
0
0000
1111
123
12345
1502
22
22
266344
2Wire
3comcso
a
aaa
acc
adam
adfexc
admin
adm
adm
adm
admin2
ADMN
agent
am
anonymous
apache
api
bill
bob
Cisco
client
daniel
david
demo
diag
vyatta
disttech
draytek
dvs
e250
echo
engineer
enrique
fax
ftp
ftp
ftptest
ftpuser
ftpuser
git
halt
HELLO
helpdesk
hscroot
info
init
installer
jenkins
library
mailman
manager
Manager
manager
MANAGER
manager
mark
master
media
mike
monitor
mother
mtch
mtcl
mysql
naadmin
nagios
nagios
NAU
netman
nt
operator
Operator
operator
oracle
osmc
patrol
pi
pizza
plcmspip
PlcmSpIp
plcmspip
pmd
poll
Polycom
postgres
print2000
PRODDTA
PSEAdmin
public
radware
rapport
rcust
router
RSBCMON
sales
scan
security
service
setup
shop
steam
steve
storwatch
student
superman
supervisor
support
support
support
svin
svn
Sweex
sysadm
SYSADM
sysadm
sysadmin
system
target
tech
telco
telecom
telecomadmin
test
test
test
testuser
tomcat
ts3
ubadmin
ubuntu
user1
USERID
username
usuario
vcr
VNC
volition
vt100
VTech
vyatta
webadmin
webmaster
zabbix
java
jason
ubuntu
sg
admon
admin
admin
guest
mother
service
supervisor
ubnt
user
support
operator
test
lcmSpIp
admin
admin
Administrator
admin
admin
admin
admin
admin
admin
admin
admin
telecomadmin
administrator
PlcmSpIp
guest
admin
admin
oracle
sktelecom
pi
javanetworks
kiccuser
admin
support
user
1234
anonymous
admin
ubnt
admin
cisco
test
guest
user
operator
admin
admin
admin
admin
ftp
monitor
ftpuser
pi
PlcmSpIp
Management
ftpuser
awt
usuario
tomcat4
admin
getmail
admin
admin
admin
admin
gorislab
oracle
admin
support
admin
user
user
osmc
guest
user
install
ftpuser
admin
admin
ubuntu
noc
ftpuser
test
pi
peuser
debian
pi
ubnt
a
ftp
sysop
admin
scanner
admin
mysql
service
adm
admin
admin
username
aaron
administrator
anonymous
ftpuser
system
butter
deluge
git
1234
odroid
invite
utente
bananapi
manager
marco
odoo
proftpd
userftp
kodi
nagios
prova
admin
default
miner
pi
pi
ftp
test9
weblogic
oracle
ftp
guest
mt7109
mssql_user
centos
cacti
admin
xbian
test
diag
ark
udadmin
deploy
solr
support
service
ts3
yarosh
wagner
cloudadmin
wordpress
blasis
steve
vika
dvcs
support
admin
admin
ubnt
PlcmSpIp
admin
user
steve
admin
admin
admin
nagios
www
amssys
admin
support
user
1234
anonymous
admin
ubnt
admin
cisco
test
guest
user
operator
admin
admin
admin
admin
ftp
monitor
ftpuser
pi
PlcmSpIp
Management
ftpuser
arkserver
user
test
www
tosinbot
geometry
git
lwang
ken
admin
operator
osmc
guest
monitor
vagrant
setup
michal
arkserver
user
user
sysbin
webadmin
henry
scbladm
support
admin
support
admin
user
user
osmc
guest
user
install
ftpuser
admin
admin
ubuntu
noc
ftpuser
test
pi
peuser
debian
pi
ubnt
a
ftp
admin
admin
admin
admin
support
user
1234
anonymous
admin
ubnt
admin
cisco
test
guest
user
operator
admin
admin
admin
admin
ftp
monitor
ftpuser
pi
PlcmSpIp
Management
ftpuser
orange
ftpuser
george
miner
ubuntu
apache
test
pi
pi
george
oracle
test
minera
telecomadmin
test
ubnt
admin
user
user1
redis
oeacle
postgres
zachary
pi
pi
admin
admin
admin
admin
osmc
gmodserver
cmsftp
tomcat
0
oracle
sk
svn
admin
support
admin
user
user
osmc
guest
user
install
new
admin
support
user
1234
anonymous
admin
ubnt
admin
cisco
test
guest
user
operator
admin
admin
admin
admin
ftp
monitor
ftpuser
pi
PlcmSpIp
Management
ftpuser
mcserv
gitlab
nxpgsql
pi
pi
crew
elsearch
mqm
glassfish
admin
ubnt
mysql
1234
admin
ceinfo
test
sandeep
csgoserver
kernoops
rmsssh
postmaster
install
prime
cs16
admin
lab
sam
bot
grey
cs16
csserver
admin
auditor
distccd
edwin
rmsmenu
admin
support
user
1234
anonymous
rushi
admin
ubnt
admin
cisco
test
guest
user
operator
admin
admin
admin
admin
ftp
monitor
ftpuser
pi
PlcmSpIp
sshadmin
Management
ftpuser
cron
user
e
bernard
checkfsys
pi
pi
bernard
system_admin
admin
support
admin
user
user
osmc
guest
user
install
ftpuser
admin
admin
ubuntu
admin
admin
ubuntu
test7
user
user
support
admin
admin
admin
admin
admin
admin
ubnt
admin
admin
admin
admin
admin
admin
admin
admin
user
support
download
quange
admin
mtrade
admin
oracle
sigver
oracle
jts3
admin
support
user
1234
anonymous
admin
ubnt
admin
cisco
test
guest
user
operator
admin
admin
admin
admin
ftp
monitor
ftpuser
pi
PlcmSpIp
Management
ftpuser
ina
ts3
support
support
support
support
admin
admin
admin
admin
ubnt
ubnt
ubnt
ubnt
user
user
user
user
service
service
service
service
guest
guest
guest
guest
default
default
default
default
test
test
test
test
manager
manager
manager
manager
administrator
administrator
administrator
administrator
12345
12345
12345
12345
ftp
ftp
ftp
ftp
ftpuser
ftpuser
ftpuser
ftpuser
username
username
username
username
gamer
morena
forestserver
cmb
redis
admin
admin
admin
admin
admin
admin
Admin
admin
admin
admin
admin
admin
admin
admin
admin
admin
admin
admin
admin
admin
admin
1234
1234
Root
user
User
user
user
user
User
user
user
user
super
super
super
ubnt
ubnt
ubnt
ubnt
111111
111111
111111
guest
Guest
guest
guest
default
default
SYSDBA
raspberry
administrator
Administrator
administrator
Administrator
administrator
123321
123321
0
0000
1111
123
12345
1502
22
22
266344
2Wire
3comcso
a
aaa
acc
adam
adfexc
adm
adm
adm
admin2
ADMN
agent
am
anonymous
apache
api
bill
bob
Cisco
client
daniel
david
demo
diag
disttech
draytek
dvs
e250
echo
engineer
enrique
fax
ftp
ftp
ftptest
ftpuser
ftpuser
git
halt
HELLO
helpdesk
hscroot
info
init
installer
jenkins
library
mailman
manager
Manager
manager
MANAGER
manager
mark
master
media
mike
monitor
mother
mtch
mtcl
mysql
naadmin
nagios
nagios
NAU
netman
nt
operator
Operator
operator
oracle
osmc
patrol
pi
pizza
plcmspip
PlcmSpIp
plcmspip
pmd
poll
Polycom
postgres
print2000
PRODDTA
PSEAdmin
public
radware
rapport
rcust
router
RSBCMON
sales
scan
security
service
setup
shop
steam
steve
storwatch
student
superman
supervisor
support
support
support
svin
svn
Sweex
sysadm
SYSADM
sysadm
sysadmin
system
target
tech
telco
telecom
telecomadmin
test
test
test
testuser
tomcat
ts3
ubadmin
ubuntu
user1
USERID
username
usuario
vcr
VNC
volition
vt100
VTech
vyatta
webadmin
webmaster
zabbix
david
test
pi
pi
dspace
admin
oracle
admin
default
ftp
guest
mt7109
admin
admin
admin
garybeales
test
pi
pi
irineu
admin
support
user
1234
anonymous
admin
ubnt
admin
cisco
test
guest
user
operator
admin
admin
admin
admin
ftp
monitor
ftpuser
pi
PlcmSpIp
Management
ftpuser
support
ts3
demos
guest
operator
osmc
admin
support
admin
user
user
osmc
guest
miner
zimbra
pi
pi
tomcat
admin
admin
admin
gabriele
pi
pi
postgres
support
menu
oracle
ubuntu
admin
support
user
1234
anonymous
admin
ubnt
admin
cisco
test
guest
user
operator
admin
admin
admin
admin
ftp
monitor
ftpuser
pi
PlcmSpIp
Management
ftpuser
telecomadmin
test
ubnt
miner
nagios
pi
pi
admin
admin
admin
user
user1
tech
pi
pi
jboss
admin
support
admin
user
user
admin
support
user
1234
anonymous
admin
ubnt
pi
pi
admin
cisco
test
guest
user
operator
admin
admin
admin
admin
ftp
monitor
ftpuser
pi
PlcmSpIp
Management
ftpuser
butter
admin
pi
0
mario
1234
admin
cricket
bernardo
vnc
deploy
osmc
ralf
mike
steam
prova
checksys
checksys
checksys
gitlab
admin
admin
ftp
pi
ubnt
user
lpadmin
invoices
invoices
invoices
user
steve
centos
steve
rancid
logview
matrix
udadmin
rancid
rancid
rancid
admin
support
user
1234
anonymous
admin
ubnt
admin
cisco
test
guest
user
operator
admin
admin
admin
admin
ftp
monitor
ftpuser
pi
PlcmSpIp
Management
ftpuser
postgres
matrix
matrix
matrix
abduh
bernard
